<?xml version="1.0" encoding="UTF-8"?>
<!-- Generated by org.testng.reporters.JUnitReportReporter -->
<testsuite hostname="DESKTOP-DT03IGN" failures="0" tests="2" name="com.tien.fibonacci.core.FibonacciTest" time="0.025" errors="0" timestamp="22 Oct 2022 02:27:34 GMT">
  <testcase classname="com.tien.fibonacci.core.FibonacciTest" name="isFibonacciTest" time="0.023"/>
  <testcase classname="com.tien.fibonacci.core.FibonacciTest" name="chekcIndexTest" time="0.002"/>
</testsuite> <!-- com.tien.fibonacci.core.FibonacciTest -->
